Line 2: Could not create reference: '{3C62B3DD-12BE-4941-A787-EA25415DCD27}#10.0#0'.
Line 43: Class CrystalActiveXReportViewerLib10Ctl.CrystalActiveXReportViewer of control cryREL was not a loaded control class.
Line 49: The property name lastProp in cryRELVIEW is invalid.
Line 50: The property name _cx in cryRELVIEW is invalid.
Line 51: The property name _cy in cryRELVIEW is invalid.
Line 52: The property name DisplayGroupTree in cryRELVIEW is invalid.
Line 53: The property name DisplayToolbar in cryRELVIEW is invalid.
Line 54: The property name EnableGroupTree in cryRELVIEW is invalid.
Line 55: The property name EnableNavigationControls in cryRELVIEW is invalid.
Line 56: The property name EnableStopButton in cryRELVIEW is invalid.
Line 57: The property name EnablePrintButton in cryRELVIEW is invalid.
Line 58: The property name EnableZoomControl in cryRELVIEW is invalid.
Line 59: The property name EnableCloseButton in cryRELVIEW is invalid.
Line 60: The property name EnableProgressControl in cryRELVIEW is invalid.
Line 61: The property name EnableSearchControl in cryRELVIEW is invalid.
Line 62: The property name EnableRefreshButton in cryRELVIEW is invalid.
Line 63: The property name EnableDrillDown in cryRELVIEW is invalid.
Line 64: The property name EnableAnimationControl in cryRELVIEW is invalid.
Line 65: The property name EnableSelectExpertButton in cryRELVIEW is invalid.
Line 66: The property name EnableToolbar in cryRELVIEW is invalid.
Line 67: The property name DisplayBorder in cryRELVIEW is invalid.
Line 68: The property name DisplayTabs in cryRELVIEW is invalid.
Line 69: The property name DisplayBackgroundEdge in cryRELVIEW is invalid.
Line 70: The property name SelectionFormula in cryRELVIEW is invalid.
Line 71: The property name EnablePopupMenu in cryRELVIEW is invalid.
Line 72: The property name EnableExportButton in cryRELVIEW is invalid.
Line 73: The property name EnableSearchExpertButton in cryRELVIEW is invalid.
Line 74: The property name EnableHelpButton in cryRELVIEW is invalid.
Line 75: The property name LaunchHTTPHyperlinksInNewBrowser in cryRELVIEW is invalid.
Line 76: The property name EnableLogonPrompts in cryRELVIEW is invalid.
