Line 17: Class FLOWCHARTLibCtl.FlowChart of control fc was not a loaded control class.
Line 23: The property name _cx in fc is invalid.
Line 24: The property name _cy in fc is invalid.
Line 34: The property name BoxFillColor in fc is invalid.
Line 35: The property name BoxFrameColor in fc is invalid.
Line 36: The property name ArrowColor in fc is invalid.
Line 37: The property name AlignToGrid in fc is invalid.
Line 38: The property name ShowGrid in fc is invalid.
Line 39: The property name GridColor in fc is invalid.
Line 40: The property name GridSize in fc is invalid.
Line 41: The property name BoxStyle in fc is invalid.
Line 43: The property name ShowShadows in fc is invalid.
Line 44: The property name ShadowColor in fc is invalid.
Line 45: The property name TextStyle in fc is invalid.
Line 46: The property name PicturePos in fc is invalid.
Line 47: The property name TextColor in fc is invalid.
Line 48: The property name ArrowStyle in fc is invalid.
Line 49: The property name ArrowSegments in fc is invalid.
Line 50: The property name StaticMode in fc is invalid.
Line 51: The property name ScrollX in fc is invalid.
Line 52: The property name ScrollY in fc is invalid.
Line 53: The property name ZoomFactor in fc is invalid.
Line 54: The property name ShowToolTips in fc is invalid.
Line 55: The property name ToolTipStyle in fc is invalid.
Line 56: The property name AllowRefLinks in fc is invalid.
Line 57: The property name PenStyle in fc is invalid.
Line 58: The property name PenWidth in fc is invalid.
Line 59: The property name Behavior in fc is invalid.
Line 60: The property name ArrowHead in fc is invalid.
Line 61: The property name SelectAfterCreate in fc is invalid.
Line 62: The property name BoxCustomDraw in fc is invalid.
Line 63: The property name ShadowOffsetX in fc is invalid.
Line 64: The property name ShadowOffsetY in fc is invalid.
Line 65: The property name RestrObjsToDoc in fc is invalid.
Line 66: The property name DynamicArrows in fc is invalid.
Line 67: The property name AutoScroll in fc is invalid.
Line 68: The property name TableFillColor in fc is invalid.
Line 69: The property name TableFrameColor in fc is invalid.
Line 70: The property name TableRowsCount in fc is invalid.
Line 71: The property name TableColumnsCount in fc is invalid.
Line 72: The property name MultiSelStyle in fc is invalid.
Line 73: The property name ModificationStart in fc is invalid.
Line 74: The property name TableColWidth in fc is invalid.
Line 75: The property name TableRowHeight in fc is invalid.
Line 76: The property name TableCaptionHeight in fc is invalid.
Line 77: The property name TableCaption in fc is invalid.
Line 78: The property name PrpArrowStartOrnt in fc is invalid.
Line 79: The property name TableCellBorders in fc is invalid.
Line 80: The property name UndoDepth in fc is invalid.
Line 81: The property name SelectAfterPaste in fc is invalid.
Line 82: The property name DragDropMode in fc is invalid.
Line 83: The property name KbdActive in fc is invalid.
Line 84: The property name ActiveMnpColor in fc is invalid.
Line 85: The property name SelMnpColor in fc is invalid.
Line 86: The property name DisabledMnpColor in fc is invalid.
Line 87: The property name BoxSelStyle in fc is invalid.
Line 88: The property name TableSelStyle in fc is invalid.
Line 89: The property name ArrowHeadSize in fc is invalid.
Line 90: The property name ShowDisabledHandles in fc is invalid.
Line 91: The property name ExpandOnIncoming in fc is invalid.
Line 92: The property name BoxesExpandable in fc is invalid.
Line 93: The property name TablesScrollable in fc is invalid.
Line 94: The property name RecursiveExpand in fc is invalid.
Line 95: The property name ShadowsStyle in fc is invalid.
Line 96: The property name ArrowEndsMovable in fc is invalid.
Line 97: The property name BoxIncmAnchor in fc is invalid.
Line 98: The property name BoxOutgAnchor in fc is invalid.
Line 99: The property name ArrowBase in fc is invalid.
Line 100: The property name ArrowBaseSize in fc is invalid.
Line 101: The property name IntermArrowHead in fc is invalid.
Line 102: The property name IntermHeadSize in fc is invalid.
Line 103: The property name ExtrnDragDrop in fc is invalid.
Line 104: The property name SnapStyle in fc is invalid.
Line 105: The property name SnapDistance in fc is invalid.
Line 106: The property name BoxFillStyle in fc is invalid.
Line 107: The property name BoxFillColor2 in fc is invalid.
Line 108: The property name ArrowFillColor in fc is invalid.
Line 109: The property name AutoSizeDoc in fc is invalid.
Line 110: The property name FeedbackColor in fc is invalid.
Line 111: The property name FeedbackPenStyle in fc is invalid.
Line 112: The property name FeedbackPenWidth in fc is invalid.
Line 113: The property name LayoutGap in fc is invalid.
Line 114: The property name LayoutStyle in fc is invalid.
Line 115: The property name FeedbackOnDragOver in fc is invalid.
Line 116: The property name InplaceEditAllowed in fc is invalid.
Line 117: The property name ShowFocusFrame in fc is invalid.
Line 118: The property name ExpandBtnPos in fc is invalid.
Line 119: The property name ArrowsSplittable in fc is invalid.
Line 120: The property name KbdBehavior in fc is invalid.
Line 121: The property name FireMouseMove in fc is invalid.
Line 122: The property name AxControlId in fc is invalid.
Line 123: The property name AllowMultiSel in fc is invalid.
Line 124: The property name AllowLinksRepeat in fc is invalid.
Line 125: The property name GridStyle in fc is invalid.
Line 126: The property name ShapeOrientation in fc is invalid.
Line 127: The property name ShowAnchors in fc is invalid.
Line 128: The property name SnapToAnchor in fc is invalid.
Line 129: The property name IconTextWidth in fc is invalid.
Line 130: The property name ArrowCrossings in fc is invalid.
Line 131: The property name CrossRadius in fc is invalid.
Line 132: The property name TableLinkStyle in fc is invalid.
Line 133: The property name RouteArrows in fc is invalid.
Line 134: The property name IconTextHeight in fc is invalid.
Line 135: The property name HighSpeedRouting in fc is invalid.
Line 136: The property name HostedAxActivation in fc is invalid.
Line 137: The property name EnableStyledText in fc is invalid.
Line 138: The property name AllowUnconnectedArrows in fc is invalid.
Line 139: The property name ScrollRate in fc is invalid.
Line 140: The property name BoxFillColorAlpha in fc is invalid.
Line 141: The property name ArrowFillColorAlpha in fc is invalid.
Line 142: The property name TableFillColorAlpha in fc is invalid.
Line 143: The property name ShadowColorAlpha in fc is invalid.
Line 144: The property name TableStyle in fc is invalid.
Line 145: The property name RerouteArrows in fc is invalid.
Line 146: The property name RoutingGridSize in fc is invalid.
Line 147: The property name MinimizeRouteSegments in fc is invalid.
Line 148: The property name ArrowText in fc is invalid.
Line 149: The property name BoxText in fc is invalid.
Line 150: The property name ArrowsSnapToNodeBorders in fc is invalid.
Line 151: The property name ArrowTextStyle in fc is invalid.
Line 152: The property name ScrollZoneSize in fc is invalid.
Line 153: The property name HitTestPriority in fc is invalid.
Line 154: The property name ArrowSelStyle in fc is invalid.
Line 155: The property name BoxWindowFrame in fc is invalid.
Line 156: The property name AllowUnanchoredArrows in fc is invalid.
Line 157: The property name MeasureUnit in fc is invalid.
Line 158: The property name SelHandleSize in fc is invalid.
Line 159: The property name SelectionOnTop in fc is invalid.
Line 160: The property name ToolTipDelay in fc is invalid.
Line 161: The property name BoxPicturePos in fc is invalid.
Line 162: The property name MergeThreshold in fc is invalid.
Line 163: The property name ControlPadding in fc is invalid.
Line 164: The property name MiddleButtonAction in fc is invalid.
Line 165: The property name RoundedArrows in fc is invalid.
Line 166: The property name RoundedArrowsRadius in fc is invalid.
Line 167: The property name DisableNoScroll in fc is invalid.
