Line 192: Class MSFlexGridLib.MSFlexGrid of control flxProdNaoRecebInsp was not a loaded control class.
Line 283: Class MSFlexGridLib.MSFlexGrid of control flxQualidade was not a loaded control class.
Line 478: Class MSFlexGridLib.MSFlexGrid of control flxPrcProd was not a loaded control class.
Line 492: Class MSFlexGridLib.MSFlexGrid of control flxProduto was not a loaded control class.
Line 671: Class MSFlexGridLib.MSFlexGrid of control flxTRANSP was not a loaded control class.
Line 692: Class MSFlexGridLib.MSFlexGrid of control flxFISCAL was not a loaded control class.
Line 825: Class MSFlexGridLib.MSFlexGrid of control flxNF was not a loaded control class.
Line 855: Class MSFlexGridLib.MSFlexGrid of control flxPedido was not a loaded control class.
Line 885: Class MSFlexGridLib.MSFlexGrid of control MSFlexGrid1 was not a loaded control class.
Line 897: Class MSFlexGridLib.MSFlexGrid of control FlxCotacoes was not a loaded control class.
Line 1061: Class MSFlexGridLib.MSFlexGrid of control flxDadCobr was not a loaded control class.
Line 198: The property name _ExtentX in flxProdNaoRecebInsp is invalid.
Line 199: The property name _ExtentY in flxProdNaoRecebInsp is invalid.
Line 200: The property name _Version in flxProdNaoRecebInsp is invalid.
Line 201: The property name FixedCols in flxProdNaoRecebInsp is invalid.
Line 202: The property name HighLight in flxProdNaoRecebInsp is invalid.
Line 203: The property name SelectionMode in flxProdNaoRecebInsp is invalid.
Line 289: The property name _ExtentX in flxQualidade is invalid.
Line 290: The property name _ExtentY in flxQualidade is invalid.
Line 291: The property name _Version in flxQualidade is invalid.
Line 292: The property name FixedCols in flxQualidade is invalid.
Line 484: The property name _ExtentX in flxPrcProd is invalid.
Line 485: The property name _ExtentY in flxPrcProd is invalid.
Line 486: The property name _Version in flxPrcProd is invalid.
Line 487: The property name FixedCols in flxPrcProd is invalid.
Line 488: The property name HighLight in flxPrcProd is invalid.
Line 489: The property name SelectionMode in flxPrcProd is invalid.
Line 498: The property name _ExtentX in flxProduto is invalid.
Line 499: The property name _ExtentY in flxProduto is invalid.
Line 500: The property name _Version in flxProduto is invalid.
Line 501: The property name FixedCols in flxProduto is invalid.
Line 502: The property name HighLight in flxProduto is invalid.
Line 503: The property name SelectionMode in flxProduto is invalid.
Line 677: The property name _ExtentX in flxTRANSP is invalid.
Line 678: The property name _ExtentY in flxTRANSP is invalid.
Line 679: The property name _Version in flxTRANSP is invalid.
Line 680: The property name FixedCols in flxTRANSP is invalid.
Line 681: The property name HighLight in flxTRANSP is invalid.
Line 682: The property name SelectionMode in flxTRANSP is invalid.
Line 698: The property name _ExtentX in flxFISCAL is invalid.
Line 699: The property name _ExtentY in flxFISCAL is invalid.
Line 700: The property name _Version in flxFISCAL is invalid.
Line 701: The property name FixedCols in flxFISCAL is invalid.
Line 702: The property name HighLight in flxFISCAL is invalid.
Line 703: The property name SelectionMode in flxFISCAL is invalid.
Line 831: The property name _ExtentX in flxNF is invalid.
Line 832: The property name _ExtentY in flxNF is invalid.
Line 833: The property name _Version in flxNF is invalid.
Line 834: The property name FixedCols in flxNF is invalid.
Line 835: The property name HighLight in flxNF is invalid.
Line 836: The property name SelectionMode in flxNF is invalid.
Line 861: The property name _ExtentX in flxPedido is invalid.
Line 862: The property name _ExtentY in flxPedido is invalid.
Line 863: The property name _Version in flxPedido is invalid.
Line 864: The property name FixedCols in flxPedido is invalid.
Line 865: The property name HighLight in flxPedido is invalid.
Line 866: The property name SelectionMode in flxPedido is invalid.
Line 891: The property name _ExtentX in MSFlexGrid1 is invalid.
Line 892: The property name _ExtentY in MSFlexGrid1 is invalid.
Line 893: The property name _Version in MSFlexGrid1 is invalid.
Line 894: The property name FixedCols in MSFlexGrid1 is invalid.
Line 903: The property name _ExtentX in FlxCotacoes is invalid.
Line 904: The property name _ExtentY in FlxCotacoes is invalid.
Line 905: The property name _Version in FlxCotacoes is invalid.
Line 906: The property name FixedCols in FlxCotacoes is invalid.
Line 907: The property name HighLight in FlxCotacoes is invalid.
Line 908: The property name SelectionMode in FlxCotacoes is invalid.
Line 1067: The property name _ExtentX in flxDadCobr is invalid.
Line 1068: The property name _ExtentY in flxDadCobr is invalid.
Line 1069: The property name _Version in flxDadCobr is invalid.
Line 1070: The property name FixedCols in flxDadCobr is invalid.
Line 1071: The property name HighLight in flxDadCobr is invalid.
Line 1072: The property name SelectionMode in flxDadCobr is invalid.
